Determining if the pthread_create exist failed with the following output:
Change Dir: /home/changfei/whelan_ws/src/auto_EVO-LDSO/auto_EVO-LDSO/Tum_VI/build/CMakeFiles/CMakeTmp

Run Build Command:"/usr/bin/make" "cmTC_9512a/fast"
/usr/bin/make -f CMakeFiles/cmTC_9512a.dir/build.make CMakeFiles/cmTC_9512a.dir/build
make[1]: Entering directory '/home/changfei/whelan_ws/src/auto_EVO-LDSO/auto_EVO-LDSO/Tum_VI/build/CMakeFiles/CMakeTmp'
Building C object CMakeFiles/cmTC_9512a.dir/CheckSymbolExists.c.o
/usr/bin/cc   -Wall   -O3    -o CMakeFiles/cmTC_9512a.dir/CheckSymbolExists.c.o   -c /home/changfei/whelan_ws/src/auto_EVO-LDSO/auto_EVO-LDSO/Tum_VI/build/CMakeFiles/CMakeTmp/CheckSymbolExists.c
Linking C executable cmTC_9512a
/usr/bin/cmake -E cmake_link_script CMakeFiles/cmTC_9512a.dir/link.txt --verbose=1
/usr/bin/cc   -Wall   -O3     -rdynamic CMakeFiles/cmTC_9512a.dir/CheckSymbolExists.c.o  -o cmTC_9512a 
CMakeFiles/cmTC_9512a.dir/CheckSymbolExists.c.o: In function `main':
CheckSymbolExists.c:(.text.startup+0x3): undefined reference to `pthread_create'
collect2: error: ld returned 1 exit status
CMakeFiles/cmTC_9512a.dir/build.make:97: recipe for target 'cmTC_9512a' failed
make[1]: *** [cmTC_9512a] Error 1
make[1]: Leaving directory '/home/changfei/whelan_ws/src/auto_EVO-LDSO/auto_EVO-LDSO/Tum_VI/build/CMakeFiles/CMakeTmp'
Makefile:126: recipe for target 'cmTC_9512a/fast' failed
make: *** [cmTC_9512a/fast] Error 2

File /home/changfei/whelan_ws/src/auto_EVO-LDSO/auto_EVO-LDSO/Tum_VI/build/CMakeFiles/CMakeTmp/CheckSymbolExists.c:
/* */
#include <pthread.h>

int main(int argc, char** argv)
{
  (void)argv;
#ifndef pthread_create
  return ((int*)(&pthread_create))[argc];
#else
  (void)argc;
  return 0;
#endif
}

Determining if the function pthread_create exists in the pthreads failed with the following output:
Change Dir: /home/changfei/whelan_ws/src/auto_EVO-LDSO/auto_EVO-LDSO/Tum_VI/build/CMakeFiles/CMakeTmp

Run Build Command:"/usr/bin/make" "cmTC_9f4bb/fast"
/usr/bin/make -f CMakeFiles/cmTC_9f4bb.dir/build.make CMakeFiles/cmTC_9f4bb.dir/build
make[1]: Entering directory '/home/changfei/whelan_ws/src/auto_EVO-LDSO/auto_EVO-LDSO/Tum_VI/build/CMakeFiles/CMakeTmp'
Building C object CMakeFiles/cmTC_9f4bb.dir/CheckFunctionExists.c.o
/usr/bin/cc   -Wall   -O3 -DCHECK_FUNCTION_EXISTS=pthread_create   -o CMakeFiles/cmTC_9f4bb.dir/CheckFunctionExists.c.o   -c /usr/share/cmake-3.10/Modules/CheckFunctionExists.c
Linking C executable cmTC_9f4bb
/usr/bin/cmake -E cmake_link_script CMakeFiles/cmTC_9f4bb.dir/link.txt --verbose=1
/usr/bin/cc   -Wall   -O3 -DCHECK_FUNCTION_EXISTS=pthread_create    -rdynamic CMakeFiles/cmTC_9f4bb.dir/CheckFunctionExists.c.o  -o cmTC_9f4bb -lpthreads 
/usr/bin/ld: cannot find -lpthreads
collect2: error: ld returned 1 exit status
CMakeFiles/cmTC_9f4bb.dir/build.make:97: recipe for target 'cmTC_9f4bb' failed
make[1]: *** [cmTC_9f4bb] Error 1
make[1]: Leaving directory '/home/changfei/whelan_ws/src/auto_EVO-LDSO/auto_EVO-LDSO/Tum_VI/build/CMakeFiles/CMakeTmp'
Makefile:126: recipe for target 'cmTC_9f4bb/fast' failed
make: *** [cmTC_9f4bb/fast] Error 2


